# JRE version: OpenJDK Runtime Environment (8.0_242-b01) (build 1.8.0_242-release-1644-b01)
# Java VM: OpenJDK 64-Bit Server VM (25.242-b01 mixed mode windows-amd64 compressed oops)
Heap:
 PSYoungGen      total 75776K, used 3647K [0x00000000eb400000, 0x00000000f2b00000, 0x0000000100000000)
  eden space 60416K, 6% used [0x00000000eb400000,0x00000000eb78fc90,0x00000000eef00000)
  from space 15360K, 0% used [0x00000000f0080000,0x00000000f0080000,0x00000000f0f80000)
  to   space 17920K, 0% used [0x00000000eef00000,0x00000000eef00000,0x00000000f0080000)
 ParOldGen       total 52224K, used 27371K [0x00000000c1c00000, 0x00000000c4f00000, 0x00000000eb400000)
  object space 52224K, 52% used [0x00000000c1c00000,0x00000000c36bae98,0x00000000c4f00000)
 Metaspace       used 35567K, capacity 36241K, committed 36648K, reserved 1081344K
  class space    used 4447K, capacity 4648K, committed 4736K, reserved 1048576K
GC Heap History (10 events):
Event: 2.929 GC heap before
{Heap before GC invocations=6 (full 1):
 PSYoungGen      total 35328K, used 2528K [0x00000000eb400000, 0x00000000f0d00000, 0x0000000100000000)
  eden space 32768K, 0% used [0x00000000eb400000,0x00000000eb400000,0x00000000ed400000)
  from space 2560K, 98% used [0x00000000ed400000,0x00000000ed678030,0x00000000ed680000)
  to   space 12800K, 0% used [0x00000000f0080000,0x00000000f0080000,0x00000000f0d00000)
 ParOldGen       total 44032K, used 21672K [0x00000000c1c00000, 0x00000000c4700000, 0x00000000eb400000)
  object space 44032K, 49% used [0x00000000c1c00000,0x00000000c312a090,0x00000000c4700000)
 Metaspace       used 20793K, capacity 21218K, committed 21296K, reserved 1069056K
  class space    used 2383K, capacity 2544K, committed 2560K, reserved 1048576K
Event: 3.058 GC heap after
Heap after GC invocations=6 (full 1):
 PSYoungGen      total 35328K, used 0K [0x00000000eb400000, 0x00000000f0d00000, 0x0000000100000000)
  eden space 32768K, 0% used [0x00000000eb400000,0x00000000eb400000,0x00000000ed400000)
  from space 2560K, 0% used [0x00000000ed400000,0x00000000ed400000,0x00000000ed680000)
  to   space 12800K, 0% used [0x00000000f0080000,0x00000000f0080000,0x00000000f0d00000)
 ParOldGen       total 52224K, used 15482K [0x00000000c1c00000, 0x00000000c4f00000, 0x00000000eb400000)
  object space 52224K, 29% used [0x00000000c1c00000,0x00000000c2b1ea90,0x00000000c4f00000)
 Metaspace       used 20793K, capacity 21218K, committed 21296K, reserved 1069056K
  class space    used 2383K, capacity 2544K, committed 2560K, reserved 1048576K
}
Event: 4.094 GC heap before
{Heap before GC invocations=7 (full 1):
 PSYoungGen      total 35328K, used 32768K [0x00000000eb400000, 0x00000000f0d00000, 0x0000000100000000)
  eden space 32768K, 100% used [0x00000000eb400000,0x00000000ed400000,0x00000000ed400000)
  from space 2560K, 0% used [0x00000000ed400000,0x00000000ed400000,0x00000000ed680000)
  to   space 12800K, 0% used [0x00000000f0080000,0x00000000f0080000,0x00000000f0d00000)
 ParOldGen       total 52224K, used 15482K [0x00000000c1c00000, 0x00000000c4f00000, 0x00000000eb400000)
  object space 52224K, 29% used [0x00000000c1c00000,0x00000000c2b1ea90,0x00000000c4f00000)
 Metaspace       used 24109K, capacity 24628K, committed 24832K, reserved 1071104K
  class space    used 3105K, capacity 3250K, committed 3328K, reserved 1048576K
Event: 4.118 GC heap after
Heap after GC invocations=7 (full 1):
 PSYoungGen      total 52224K, used 6901K [0x00000000eb400000, 0x00000000f0780000, 0x0000000100000000)
  eden space 45056K, 0% used [0x00000000eb400000,0x00000000eb400000,0x00000000ee000000)
  from space 7168K, 96% used [0x00000000f0080000,0x00000000f073d5c8,0x00000000f0780000)
  to   space 11776K, 0% used [0x00000000ef080000,0x00000000ef080000,0x00000000efc00000)
 ParOldGen       total 52224K, used 15490K [0x00000000c1c00000, 0x00000000c4f00000, 0x00000000eb400000)
  object space 52224K, 29% used [0x00000000c1c00000,0x00000000c2b20a90,0x00000000c4f00000)
 Metaspace       used 24109K, capacity 24628K, committed 24832K, reserved 1071104K
  class space    used 3105K, capacity 3250K, committed 3328K, reserved 1048576K
}
Event: 5.425 GC heap before
{Heap before GC invocations=8 (full 1):
 PSYoungGen      total 52224K, used 51957K [0x00000000eb400000, 0x00000000f0780000, 0x0000000100000000)
  eden space 45056K, 100% used [0x00000000eb400000,0x00000000ee000000,0x00000000ee000000)
  from space 7168K, 96% used [0x00000000f0080000,0x00000000f073d5c8,0x00000000f0780000)
  to   space 11776K, 0% used [0x00000000ef080000,0x00000000ef080000,0x00000000efc00000)
 ParOldGen       total 52224K, used 15490K [0x00000000c1c00000, 0x00000000c4f00000, 0x00000000eb400000)
  object space 52224K, 29% used [0x00000000c1c00000,0x00000000c2b20a90,0x00000000c4f00000)
 Metaspace       used 30280K, capacity 30889K, committed 31104K, reserved 1077248K
  class space    used 3767K, capacity 3962K, committed 3968K, reserved 1048576K
Event: 5.473 GC heap after
Heap after GC invocations=8 (full 1):
 PSYoungGen      total 73728K, used 11755K [0x00000000eb400000, 0x00000000f0f80000, 0x0000000100000000)
  eden space 61952K, 0% used [0x00000000eb400000,0x00000000eb400000,0x00000000ef080000)
  from space 11776K, 99% used [0x00000000ef080000,0x00000000efbfad88,0x00000000efc00000)
  to   space 15360K, 0% used [0x00000000f0080000,0x00000000f0080000,0x00000000f0f80000)
 ParOldGen       total 52224K, used 19286K [0x00000000c1c00000, 0x00000000c4f00000, 0x00000000eb400000)
  object space 52224K, 36% used [0x00000000c1c00000,0x00000000c2ed5bf8,0x00000000c4f00000)
 Metaspace       used 30280K, capacity 30889K, committed 31104K, reserved 1077248K
  class space    used 3767K, capacity 3962K, committed 3968K, reserved 1048576K
}
Event: 6.574 GC heap before
{Heap before GC invocations=9 (full 1):
 PSYoungGen      total 73728K, used 38130K [0x00000000eb400000, 0x00000000f0f80000, 0x0000000100000000)
  eden space 61952K, 42% used [0x00000000eb400000,0x00000000ecdc1e70,0x00000000ef080000)
  from space 11776K, 99% used [0x00000000ef080000,0x00000000efbfad88,0x00000000efc00000)
  to   space 15360K, 0% used [0x00000000f0080000,0x00000000f0080000,0x00000000f0f80000)
 ParOldGen       total 52224K, used 19286K [0x00000000c1c00000, 0x00000000c4f00000, 0x00000000eb400000)
  object space 52224K, 36% used [0x00000000c1c00000,0x00000000c2ed5bf8,0x00000000c4f00000)
 Metaspace       used 34698K, capacity 35293K, committed 35496K, reserved 1081344K
  class space    used 4374K, capacity 4574K, committed 4608K, reserved 1048576K
Event: 6.602 GC heap after
Heap after GC invocations=9 (full 1):
 PSYoungGen      total 75776K, used 15133K [0x00000000eb400000, 0x00000000f2b00000, 0x0000000100000000)
  eden space 60416K, 0% used [0x00000000eb400000,0x00000000eb400000,0x00000000eef00000)
  from space 15360K, 98% used [0x00000000f0080000,0x00000000f0f47568,0x00000000f0f80000)
  to   space 17920K, 0% used [0x00000000eef00000,0x00000000eef00000,0x00000000f0080000)
 ParOldGen       total 52224K, used 19294K [0x00000000c1c00000, 0x00000000c4f00000, 0x00000000eb400000)
  object space 52224K, 36% used [0x00000000c1c00000,0x00000000c2ed7bf8,0x00000000c4f00000)
 Metaspace       used 34698K, capacity 35293K, committed 35496K, reserved 1081344K
  class space    used 4374K, capacity 4574K, committed 4608K, reserved 1048576K
}
Event: 6.602 GC heap before
{Heap before GC invocations=10 (full 2):
 PSYoungGen      total 75776K, used 15133K [0x00000000eb400000, 0x00000000f2b00000, 0x0000000100000000)
  eden space 60416K, 0% used [0x00000000eb400000,0x00000000eb400000,0x00000000eef00000)
  from space 15360K, 98% used [0x00000000f0080000,0x00000000f0f47568,0x00000000f0f80000)
  to   space 17920K, 0% used [0x00000000eef00000,0x00000000eef00000,0x00000000f0080000)
 ParOldGen       total 52224K, used 19294K [0x00000000c1c00000, 0x00000000c4f00000, 0x00000000eb400000)
  object space 52224K, 36% used [0x00000000c1c00000,0x00000000c2ed7bf8,0x00000000c4f00000)
 Metaspace       used 34698K, capacity 35293K, committed 35496K, reserved 1081344K
  class space    used 4374K, capacity 4574K, committed 4608K, reserved 1048576K
Event: 6.798 GC heap after
Heap after GC invocations=10 (full 2):
 PSYoungGen      total 75776K, used 0K [0x00000000eb400000, 0x00000000f2b00000, 0x0000000100000000)
  eden space 60416K, 0% used [0x00000000eb400000,0x00000000eb400000,0x00000000eef00000)
  from space 15360K, 0% used [0x00000000f0080000,0x00000000f0080000,0x00000000f0f80000)
  to   space 17920K, 0% used [0x00000000eef00000,0x00000000eef00000,0x00000000f0080000)
 ParOldGen       total 52224K, used 27371K [0x00000000c1c00000, 0x00000000c4f00000, 0x00000000eb400000)
  object space 52224K, 52% used [0x00000000c1c00000,0x00000000c36bae98,0x00000000c4f00000)
 Metaspace       used 34698K, capacity 35293K, committed 35496K, reserved 1081344K
  class space    used 4374K, capacity 4574K, committed 4608K, reserved 1048576K
}

