# JRE version: OpenJDK Runtime Environment (8.0_242-b01) (build 1.8.0_242-release-1644-b01)
# Java VM: OpenJDK 64-Bit Server VM (25.242-b01 mixed mode windows-amd64 compressed oops)
Heap:
 PSYoungGen      total 552448K, used 446868K [0x00000000d5580000, 0x0000000100000000, 0x0000000100000000)
  eden space 406016K, 89% used [0x00000000d5580000,0x00000000eba065e0,0x00000000ee200000)
  from space 146432K, 55% used [0x00000000ee200000,0x00000000f31dee18,0x00000000f7100000)
  to   space 143360K, 0% used [0x00000000f7400000,0x00000000f7400000,0x0000000100000000)
 ParOldGen       total 390144K, used 240732K [0x0000000080000000, 0x0000000097d00000, 0x00000000d5580000)
  object space 390144K, 61% used [0x0000000080000000,0x000000008eb17240,0x0000000097d00000)
 Metaspace       used 196231K, capacity 206996K, committed 207232K, reserved 1228800K
  class space    used 25239K, capacity 27213K, committed 27264K, reserved 1048576K
GC Heap History (10 events):
Event: 3170.064 GC heap before
{Heap before GC invocations=68 (full 8):
 PSYoungGen      total 615936K, used 615915K [0x00000000d5580000, 0x0000000100000000, 0x0000000100000000)
  eden space 537088K, 100% used [0x00000000d5580000,0x00000000f6200000,0x00000000f6200000)
  from space 78848K, 99% used [0x00000000f6200000,0x00000000faefad88,0x00000000faf00000)
  to   space 82944K, 0% used [0x00000000faf00000,0x00000000faf00000,0x0000000100000000)
 ParOldGen       total 187904K, used 110133K [0x0000000080000000, 0x000000008b780000, 0x00000000d5580000)
  object space 187904K, 58% used [0x0000000080000000,0x0000000086b8d538,0x000000008b780000)
 Metaspace       used 188483K, capacity 198704K, committed 198912K, reserved 1222656K
  class space    used 24133K, capacity 26071K, committed 26112K, reserved 1048576K
Event: 3171.087 GC heap after
Heap after GC invocations=68 (full 8):
 PSYoungGen      total 599552K, used 60313K [0x00000000d5580000, 0x0000000100000000, 0x0000000100000000)
  eden space 516608K, 0% used [0x00000000d5580000,0x00000000d5580000,0x00000000f4e00000)
  from space 82944K, 72% used [0x00000000faf00000,0x00000000fe9e6570,0x0000000100000000)
  to   space 91136K, 0% used [0x00000000f4e00000,0x00000000f4e00000,0x00000000fa700000)
 ParOldGen       total 187904K, used 114501K [0x0000000080000000, 0x000000008b780000, 0x00000000d5580000)
  object space 187904K, 60% used [0x0000000080000000,0x0000000086fd16a0,0x000000008b780000)
 Metaspace       used 188483K, capacity 198704K, committed 198912K, reserved 1222656K
  class space    used 24133K, capacity 26071K, committed 26112K, reserved 1048576K
}
Event: 3224.580 GC heap before
{Heap before GC invocations=69 (full 8):
 PSYoungGen      total 599552K, used 576921K [0x00000000d5580000, 0x0000000100000000, 0x0000000100000000)
  eden space 516608K, 100% used [0x00000000d5580000,0x00000000f4e00000,0x00000000f4e00000)
  from space 82944K, 72% used [0x00000000faf00000,0x00000000fe9e6570,0x0000000100000000)
  to   space 91136K, 0% used [0x00000000f4e00000,0x00000000f4e00000,0x00000000fa700000)
 ParOldGen       total 187904K, used 114501K [0x0000000080000000, 0x000000008b780000, 0x00000000d5580000)
  object space 187904K, 60% used [0x0000000080000000,0x0000000086fd16a0,0x000000008b780000)
 Metaspace       used 190542K, capacity 201016K, committed 201344K, reserved 1224704K
  class space    used 24383K, capacity 26372K, committed 26496K, reserved 1048576K
Event: 3224.804 GC heap after
Heap after GC invocations=69 (full 8):
 PSYoungGen      total 607744K, used 60397K [0x00000000d5580000, 0x0000000100000000, 0x0000000100000000)
  eden space 516608K, 0% used [0x00000000d5580000,0x00000000d5580000,0x00000000f4e00000)
  from space 91136K, 66% used [0x00000000f4e00000,0x00000000f88fb508,0x00000000fa700000)
  to   space 90112K, 0% used [0x00000000fa800000,0x00000000fa800000,0x0000000100000000)
 ParOldGen       total 187904K, used 114509K [0x0000000080000000, 0x000000008b780000, 0x00000000d5580000)
  object space 187904K, 60% used [0x0000000080000000,0x0000000086fd36a0,0x000000008b780000)
 Metaspace       used 190542K, capacity 201016K, committed 201344K, reserved 1224704K
  class space    used 24383K, capacity 26372K, committed 26496K, reserved 1048576K
}
Event: 3232.148 GC heap before
{Heap before GC invocations=70 (full 8):
 PSYoungGen      total 607744K, used 577005K [0x00000000d5580000, 0x0000000100000000, 0x0000000100000000)
  eden space 516608K, 100% used [0x00000000d5580000,0x00000000f4e00000,0x00000000f4e00000)
  from space 91136K, 66% used [0x00000000f4e00000,0x00000000f88fb508,0x00000000fa700000)
  to   space 90112K, 0% used [0x00000000fa800000,0x00000000fa800000,0x0000000100000000)
 ParOldGen       total 187904K, used 114509K [0x0000000080000000, 0x000000008b780000, 0x00000000d5580000)
  object space 187904K, 60% used [0x0000000080000000,0x0000000086fd36a0,0x000000008b780000)
 Metaspace       used 193813K, capacity 204466K, committed 204672K, reserved 1226752K
  class space    used 24923K, capacity 26933K, committed 27008K, reserved 1048576K
Event: 3233.282 GC heap after
Heap after GC invocations=70 (full 8):
 PSYoungGen      total 496128K, used 90098K [0x00000000d5580000, 0x0000000100000000, 0x0000000100000000)
  eden space 406016K, 0% used [0x00000000d5580000,0x00000000d5580000,0x00000000ee200000)
  from space 90112K, 99% used [0x00000000fa800000,0x00000000ffffca70,0x0000000100000000)
  to   space 146432K, 0% used [0x00000000ee200000,0x00000000ee200000,0x00000000f7100000)
 ParOldGen       total 240128K, used 239623K [0x0000000080000000, 0x000000008ea80000, 0x00000000d5580000)
  object space 240128K, 99% used [0x0000000080000000,0x000000008ea01f00,0x000000008ea80000)
 Metaspace       used 193813K, capacity 204466K, committed 204672K, reserved 1226752K
  class space    used 24923K, capacity 26933K, committed 27008K, reserved 1048576K
}
Event: 3233.283 GC heap before
{Heap before GC invocations=71 (full 9):
 PSYoungGen      total 496128K, used 90098K [0x00000000d5580000, 0x0000000100000000, 0x0000000100000000)
  eden space 406016K, 0% used [0x00000000d5580000,0x00000000d5580000,0x00000000ee200000)
  from space 90112K, 99% used [0x00000000fa800000,0x00000000ffffca70,0x0000000100000000)
  to   space 146432K, 0% used [0x00000000ee200000,0x00000000ee200000,0x00000000f7100000)
 ParOldGen       total 240128K, used 239623K [0x0000000080000000, 0x000000008ea80000, 0x00000000d5580000)
  object space 240128K, 99% used [0x0000000080000000,0x000000008ea01f00,0x000000008ea80000)
 Metaspace       used 193813K, capacity 204466K, committed 204672K, reserved 1226752K
  class space    used 24923K, capacity 26933K, committed 27008K, reserved 1048576K
Event: 3240.345 GC heap after
Heap after GC invocations=71 (full 9):
 PSYoungGen      total 496128K, used 43894K [0x00000000d5580000, 0x0000000100000000, 0x0000000100000000)
  eden space 406016K, 0% used [0x00000000d5580000,0x00000000d5580000,0x00000000ee200000)
  from space 90112K, 48% used [0x00000000fa800000,0x00000000fd2ddbc8,0x0000000100000000)
  to   space 146432K, 0% used [0x00000000ee200000,0x00000000ee200000,0x00000000f7100000)
 ParOldGen       total 390144K, used 240059K [0x0000000080000000, 0x0000000097d00000, 0x00000000d5580000)
  object space 390144K, 61% used [0x0000000080000000,0x000000008ea6eed0,0x0000000097d00000)
 Metaspace       used 193510K, capacity 203724K, committed 204672K, reserved 1226752K
  class space    used 24844K, capacity 26745K, committed 27008K, reserved 1048576K
}
Event: 3246.528 GC heap before
{Heap before GC invocations=72 (full 9):
 PSYoungGen      total 496128K, used 449910K [0x00000000d5580000, 0x0000000100000000, 0x0000000100000000)
  eden space 406016K, 100% used [0x00000000d5580000,0x00000000ee200000,0x00000000ee200000)
  from space 90112K, 48% used [0x00000000fa800000,0x00000000fd2ddbc8,0x0000000100000000)
  to   space 146432K, 0% used [0x00000000ee200000,0x00000000ee200000,0x00000000f7100000)
 ParOldGen       total 390144K, used 240059K [0x0000000080000000, 0x0000000097d00000, 0x00000000d5580000)
  object space 390144K, 61% used [0x0000000080000000,0x000000008ea6eed0,0x0000000097d00000)
 Metaspace       used 194694K, capacity 205156K, committed 205568K, reserved 1228800K
  class space    used 25045K, capacity 26989K, committed 27136K, reserved 1048576K
Event: 3246.810 GC heap after
Heap after GC invocations=72 (full 9):
 PSYoungGen      total 552448K, used 81787K [0x00000000d5580000, 0x0000000100000000, 0x0000000100000000)
  eden space 406016K, 0% used [0x00000000d5580000,0x00000000d5580000,0x00000000ee200000)
  from space 146432K, 55% used [0x00000000ee200000,0x00000000f31dee18,0x00000000f7100000)
  to   space 143360K, 0% used [0x00000000f7400000,0x00000000f7400000,0x0000000100000000)
 ParOldGen       total 390144K, used 240732K [0x0000000080000000, 0x0000000097d00000, 0x00000000d5580000)
  object space 390144K, 61% used [0x0000000080000000,0x000000008eb17240,0x0000000097d00000)
 Metaspace       used 194694K, capacity 205156K, committed 205568K, reserved 1228800K
  class space    used 25045K, capacity 26989K, committed 27136K, reserved 1048576K
}

